15:01:11.523 [main] ERROR o.s.boot.SpringApplication - Application run failed 
java.lang.IllegalStateException: Logback configuration error detected: 
ERROR in ch.qos.logback.core.joran.action.AppenderAction - Could not create an Appender of type [net.logstash.logback.appender.LogstashTcpSocketAppender]. ch.qos.logback.core.util.DynamicClassLoadingException: Failed to instantiate type net.logstash.logback.appender.LogstashTcpSocketAppender
ERROR in ch.qos.logback.core.joran.spi.Interpreter@15:79 - ActionException in Action for tag [appender] ch.qos.logback.core.joran.spi.ActionException: ch.qos.logback.core.util.DynamicClassLoadingException: Failed to instantiate type net.logstash.logback.appender.LogstashTcpSocketAppender
ERROR in ch.qos.logback.core.joran.action.AppenderRefAction - Could not find an appender named [logstash]. Did you define it below instead of above in the configuration file?
ERROR in ch.qos.logback.core.joran.action.AppenderRefAction - See http://logback.qos.ch/codes.html#appender_order for more details.
	at org.springframework.boot.logging.logback.LogbackLoggingSystem.loadConfiguration(LogbackLoggingSystem.java:166)
	at org.springframework.boot.logging.logback.LogbackLoggingSystem.reinitialize(LogbackLoggingSystem.java:212)
	at org.springframework.boot.logging.AbstractLoggingSystem.initializeWithConventions(AbstractLoggingSystem.java:75)
	at org.springframework.boot.logging.AbstractLoggingSystem.initialize(AbstractLoggingSystem.java:60)
	at org.springframework.boot.logging.logback.LogbackLoggingSystem.initialize(LogbackLoggingSystem.java:114)
	at org.springframework.boot.context.logging.LoggingApplicationListener.initializeSystem(LoggingApplicationListener.java:264)
	at org.springframework.boot.context.logging.LoggingApplicationListener.initialize(LoggingApplicationListener.java:237)
	at org.springframework.boot.context.logging.LoggingApplicationListener.onApplicationEnvironmentPreparedEvent(LoggingApplicationListener.java:200)
	at org.springframework.boot.context.logging.LoggingApplicationListener.onApplicationEvent(LoggingApplicationListener.java:173)
	at org.springframework.context.event.SimpleApplicationEventMulticaster.doInvokeListener(SimpleApplicationEventMulticaster.java:172)
	at org.springframework.context.event.SimpleApplicationEventMulticaster.invokeListener(SimpleApplicationEventMulticaster.java:165)
	at org.springframework.context.event.SimpleApplicationEventMulticaster.multicastEvent(SimpleApplicationEventMulticaster.java:139)
	at org.springframework.context.event.SimpleApplicationEventMulticaster.multicastEvent(SimpleApplicationEventMulticaster.java:127)
	at org.springframework.boot.context.event.EventPublishingRunListener.environmentPrepared(EventPublishingRunListener.java:74)
	at org.springframework.boot.SpringApplicationRunListeners.environmentPrepared(SpringApplicationRunListeners.java:54)
	at org.springframework.boot.SpringApplication.prepareEnvironment(SpringApplication.java:358)
	at org.springframework.boot.SpringApplication.run(SpringApplication.java:317)
	at org.springframework.boot.builder.SpringApplicationBuilder.run(SpringApplicationBuilder.java:137)
	at org.springframework.cloud.bootstrap.BootstrapApplicationListener.bootstrapServiceContext(BootstrapApplicationListener.java:197)
	at org.springframework.cloud.bootstrap.BootstrapApplicationListener.onApplicationEvent(BootstrapApplicationListener.java:104)
	at org.springframework.cloud.bootstrap.BootstrapApplicationListener.onApplicationEvent(BootstrapApplicationListener.java:70)
	at org.springframework.context.event.SimpleApplicationEventMulticaster.doInvokeListener(SimpleApplicationEventMulticaster.java:172)
	at org.springframework.context.event.SimpleApplicationEventMulticaster.invokeListener(SimpleApplicationEventMulticaster.java:165)
	at org.springframework.context.event.SimpleApplicationEventMulticaster.multicastEvent(SimpleApplicationEventMulticaster.java:139)
	at org.springframework.context.event.SimpleApplicationEventMulticaster.multicastEvent(SimpleApplicationEventMulticaster.java:127)
	at org.springframework.boot.context.event.EventPublishingRunListener.environmentPrepared(EventPublishingRunListener.java:74)
	at org.springframework.boot.SpringApplicationRunListeners.environmentPrepared(SpringApplicationRunListeners.java:54)
	at org.springframework.boot.SpringApplication.prepareEnvironment(SpringApplication.java:358)
	at org.springframework.boot.SpringApplication.run(SpringApplication.java:317)
	at org.springframework.boot.SpringApplication.run(SpringApplication.java:1255)
	at org.springframework.boot.SpringApplication.run(SpringApplication.java:1243)
	at com.example.zipkinservice1.ZipkinService1Application.main(ZipkinService1Application.java:20)
	at sun.reflect.NativeMethodAccessorImpl.invoke0(Native Method)
	at sun.reflect.NativeMethodAccessorImpl.invoke(NativeMethodAccessorImpl.java:62)
	at sun.reflect.DelegatingMethodAccessorImpl.invoke(DelegatingMethodAccessorImpl.java:43)
	at java.lang.reflect.Method.invoke(Method.java:498)
	at org.springframework.boot.maven.AbstractRunMojo$LaunchRunner.run(AbstractRunMojo.java:496)
	at java.lang.Thread.run(Thread.java:748)
15:01:11.533 [main] ERROR o.s.boot.SpringApplication - Application run failed 
java.lang.IllegalStateException: Logback configuration error detected: 
ERROR in ch.qos.logback.core.joran.action.AppenderAction - Could not create an Appender of type [net.logstash.logback.appender.LogstashTcpSocketAppender]. ch.qos.logback.core.util.DynamicClassLoadingException: Failed to instantiate type net.logstash.logback.appender.LogstashTcpSocketAppender
ERROR in ch.qos.logback.core.joran.spi.Interpreter@15:79 - ActionException in Action for tag [appender] ch.qos.logback.core.joran.spi.ActionException: ch.qos.logback.core.util.DynamicClassLoadingException: Failed to instantiate type net.logstash.logback.appender.LogstashTcpSocketAppender
ERROR in ch.qos.logback.core.joran.action.AppenderRefAction - Could not find an appender named [logstash]. Did you define it below instead of above in the configuration file?
ERROR in ch.qos.logback.core.joran.action.AppenderRefAction - See http://logback.qos.ch/codes.html#appender_order for more details.
	at org.springframework.boot.logging.logback.LogbackLoggingSystem.loadConfiguration(LogbackLoggingSystem.java:166)
	at org.springframework.boot.logging.logback.LogbackLoggingSystem.reinitialize(LogbackLoggingSystem.java:212)
	at org.springframework.boot.logging.AbstractLoggingSystem.initializeWithConventions(AbstractLoggingSystem.java:75)
	at org.springframework.boot.logging.AbstractLoggingSystem.initialize(AbstractLoggingSystem.java:60)
	at org.springframework.boot.logging.logback.LogbackLoggingSystem.initialize(LogbackLoggingSystem.java:114)
	at org.springframework.boot.context.logging.LoggingApplicationListener.initializeSystem(LoggingApplicationListener.java:264)
	at org.springframework.boot.context.logging.LoggingApplicationListener.initialize(LoggingApplicationListener.java:237)
	at org.springframework.boot.context.logging.LoggingApplicationListener.onApplicationEnvironmentPreparedEvent(LoggingApplicationListener.java:200)
	at org.springframework.boot.context.logging.LoggingApplicationListener.onApplicationEvent(LoggingApplicationListener.java:173)
	at org.springframework.context.event.SimpleApplicationEventMulticaster.doInvokeListener(SimpleApplicationEventMulticaster.java:172)
	at org.springframework.context.event.SimpleApplicationEventMulticaster.invokeListener(SimpleApplicationEventMulticaster.java:165)
	at org.springframework.context.event.SimpleApplicationEventMulticaster.multicastEvent(SimpleApplicationEventMulticaster.java:139)
	at org.springframework.context.event.SimpleApplicationEventMulticaster.multicastEvent(SimpleApplicationEventMulticaster.java:127)
	at org.springframework.boot.context.event.EventPublishingRunListener.environmentPrepared(EventPublishingRunListener.java:74)
	at org.springframework.boot.SpringApplicationRunListeners.environmentPrepared(SpringApplicationRunListeners.java:54)
	at org.springframework.boot.SpringApplication.prepareEnvironment(SpringApplication.java:358)
	at org.springframework.boot.SpringApplication.run(SpringApplication.java:317)
	at org.springframework.boot.builder.SpringApplicationBuilder.run(SpringApplicationBuilder.java:137)
	at org.springframework.cloud.bootstrap.BootstrapApplicationListener.bootstrapServiceContext(BootstrapApplicationListener.java:197)
	at org.springframework.cloud.bootstrap.BootstrapApplicationListener.onApplicationEvent(BootstrapApplicationListener.java:104)
	at org.springframework.cloud.bootstrap.BootstrapApplicationListener.onApplicationEvent(BootstrapApplicationListener.java:70)
	at org.springframework.context.event.SimpleApplicationEventMulticaster.doInvokeListener(SimpleApplicationEventMulticaster.java:172)
	at org.springframework.context.event.SimpleApplicationEventMulticaster.invokeListener(SimpleApplicationEventMulticaster.java:165)
	at org.springframework.context.event.SimpleApplicationEventMulticaster.multicastEvent(SimpleApplicationEventMulticaster.java:139)
	at org.springframework.context.event.SimpleApplicationEventMulticaster.multicastEvent(SimpleApplicationEventMulticaster.java:127)
	at org.springframework.boot.context.event.EventPublishingRunListener.environmentPrepared(EventPublishingRunListener.java:74)
	at org.springframework.boot.SpringApplicationRunListeners.environmentPrepared(SpringApplicationRunListeners.java:54)
	at org.springframework.boot.SpringApplication.prepareEnvironment(SpringApplication.java:358)
	at org.springframework.boot.SpringApplication.run(SpringApplication.java:317)
	at org.springframework.boot.SpringApplication.run(SpringApplication.java:1255)
	at org.springframework.boot.SpringApplication.run(SpringApplication.java:1243)
	at com.example.zipkinservice1.ZipkinService1Application.main(ZipkinService1Application.java:20)
	at sun.reflect.NativeMethodAccessorImpl.invoke0(Native Method)
	at sun.reflect.NativeMethodAccessorImpl.invoke(NativeMethodAccessorImpl.java:62)
	at sun.reflect.DelegatingMethodAccessorImpl.invoke(DelegatingMethodAccessorImpl.java:43)
	at java.lang.reflect.Method.invoke(Method.java:498)
	at org.springframework.boot.maven.AbstractRunMojo$LaunchRunner.run(AbstractRunMojo.java:496)
	at java.lang.Thread.run(Thread.java:748)
15:06:54.835 [main] INFO  o.s.c.a.AnnotationConfigApplicationContext - Refreshing org.springframework.context.annotation.AnnotationConfigApplicationContext@3657399b: startup date [Tue Jul 03 15:06:54 CST 2018]; root of context hierarchy 
15:06:55.228 [main] INFO  o.s.c.s.PostProcessorRegistrationDelegate$BeanPostProcessorChecker - Bean 'configurationPropertiesRebinderAutoConfiguration' of type [org.springframework.cloud.autoconfigure.ConfigurationPropertiesRebinderAutoConfiguration$$EnhancerBySpringCGLIB$$ce182658] is not eligible for getting processed by all BeanPostProcessors (for example: not eligible for auto-proxying) 
15:06:55.570 [main] INFO  c.e.z.ZipkinService1Application - No active profile set, falling back to default profiles: default 
15:06:55.583 [main] INFO  o.s.b.w.s.c.AnnotationConfigServletWebServerApplicationContext - Refreshing org.springframework.boot.web.servlet.context.AnnotationConfigServletWebServerApplicationContext@7823fd74: startup date [Tue Jul 03 15:06:55 CST 2018]; parent: org.springframework.context.annotation.AnnotationConfigApplicationContext@3657399b 
15:06:56.552 [main] INFO  o.s.b.f.s.DefaultListableBeanFactory - Overriding bean definition for bean 'httpRequestHandlerAdapter' with a different definition: replacing [Root bean: class [null]; scope=; abstract=false; lazyInit=false; autowireMode=3; dependencyCheck=0; autowireCandidate=true; primary=false; factoryBeanName=org.springframework.boot.autoconfigure.web.servlet.WebMvcAutoConfiguration$EnableWebMvcConfiguration; factoryMethodName=httpRequestHandlerAdapter; initMethodName=null; destroyMethodName=(inferred); defined in class path resource [org/springframework/boot/autoconfigure/web/servlet/WebMvcAutoConfiguration$EnableWebMvcConfiguration.class]] with [Root bean: class [null]; scope=; abstract=false; lazyInit=false; autowireMode=3; dependencyCheck=0; autowireCandidate=true; primary=false; factoryBeanName=org.springframework.data.rest.webmvc.config.RepositoryRestMvcConfiguration; factoryMethodName=httpRequestHandlerAdapter; initMethodName=null; destroyMethodName=(inferred); defined in class path resource [org/springframework/data/rest/webmvc/config/RepositoryRestMvcConfiguration.class]] 
15:06:57.119 [main] INFO  o.s.c.context.scope.GenericScope - BeanFactory id=924c3369-534f-36a9-b76c-0eb0d2452a6d 
15:06:57.612 [main] INFO  o.s.c.s.PostProcessorRegistrationDelegate$BeanPostProcessorChecker - Bean 'org.springframework.cloud.autoconfigure.ConfigurationPropertiesRebinderAutoConfiguration' of type [org.springframework.cloud.autoconfigure.ConfigurationPropertiesRebinderAutoConfiguration$$EnhancerBySpringCGLIB$$ce182658] is not eligible for getting processed by all BeanPostProcessors (for example: not eligible for auto-proxying) 
15:06:58.291 [main] INFO  o.s.b.w.e.tomcat.TomcatWebServer - Tomcat initialized with port(s): 8081 (http) 
15:06:58.318 [main] INFO  o.a.coyote.http11.Http11NioProtocol - Initializing ProtocolHandler ["http-nio-8081"] 
15:06:58.333 [main] INFO  o.a.catalina.core.StandardService - Starting service [Tomcat] 
15:06:58.333 [main] INFO  o.a.catalina.core.StandardEngine - Starting Servlet Engine: Apache Tomcat/8.5.31 
15:06:58.351 [localhost-startStop-1] INFO  o.a.c.core.AprLifecycleListener - The APR based Apache Tomcat Native library which allows optimal performance in production environments was not found on the java.library.path: [C:\Program Files\Java\jdk1.8.0_171\bin;C:\WINDOWS\Sun\Java\bin;C:\WINDOWS\system32;C:\WINDOWS;C:\Program Files\Python27\;C:\Program Files\Python27\Scripts;C:\Program Files (x86)\Common Files\Oracle\Java\javapath;C:\WINDOWS\system32;C:\WINDOWS;C:\WINDOWS\System32\Wbem;C:\WINDOWS\System32\WindowsPowerShell\v1.0\;C:\Program Files\Git\cmd;C:\WINDOWS\System32\OpenSSH\;C:\Program Files\nodejs\;C:\Program Files\MongoDB\Server\3.6\bin;C:\Users\87524\AppData\Local\Microsoft\WindowsApps;C:\Program Files\Microsoft VS Code\bin;C:\Users\87524\AppData\Local\GitHubDesktop\bin;C:\Users\87524\AppData\Local\Microsoft\WindowsApps;C:\Users\87524\AppData\Roaming\npm;.] 
15:06:58.560 [localhost-startStop-1] INFO  o.a.c.c.C.[Tomcat].[localhost].[/] - Initializing Spring embedded WebApplicationContext 
15:06:58.561 [localhost-startStop-1] INFO  o.s.web.context.ContextLoader - Root WebApplicationContext: initialization completed in 2978 ms 
15:06:59.558 [localhost-startStop-1] INFO  o.s.b.w.s.FilterRegistrationBean - Mapping filter: 'characterEncodingFilter' to: [/*] 
15:06:59.559 [localhost-startStop-1] INFO  o.s.b.w.s.FilterRegistrationBean - Mapping filter: 'tracingFilter' to: [/*] 
15:06:59.559 [localhost-startStop-1] INFO  o.s.b.w.s.FilterRegistrationBean - Mapping filter: 'exceptionLoggingFilter' to: [/*] 
15:06:59.559 [localhost-startStop-1] INFO  o.s.b.w.s.FilterRegistrationBean - Mapping filter: 'hiddenHttpMethodFilter' to: [/*] 
15:06:59.559 [localhost-startStop-1] INFO  o.s.b.w.s.FilterRegistrationBean - Mapping filter: 'httpPutFormContentFilter' to: [/*] 
15:06:59.561 [localhost-startStop-1] INFO  o.s.b.w.s.FilterRegistrationBean - Mapping filter: 'requestContextFilter' to: [/*] 
15:06:59.562 [localhost-startStop-1] INFO  o.s.b.w.s.ServletRegistrationBean - Servlet dispatcherServlet mapped to [/] 
15:07:00.559 [main] INFO  o.s.w.s.h.SimpleUrlHandlerMapping - Mapped URL path [/**/favicon.ico] onto handler of type [class org.springframework.web.servlet.resource.ResourceHttpRequestHandler] 
15:07:00.891 [main] INFO  o.s.w.s.m.m.a.RequestMappingHandlerAdapter - Looking for @ControllerAdvice: org.springframework.boot.web.servlet.context.AnnotationConfigServletWebServerApplicationContext@7823fd74: startup date [Tue Jul 03 15:06:55 CST 2018]; parent: org.springframework.context.annotation.AnnotationConfigApplicationContext@3657399b 
15:07:01.033 [main] INFO  o.s.w.s.m.m.a.RequestMappingHandlerMapping - Mapped "{[/call],methods=[GET]}" onto public java.lang.String com.example.zipkinservice1.ZipkinController.call() 
15:07:01.034 [main] INFO  o.s.w.s.m.m.a.RequestMappingHandlerMapping - Mapped "{[/calledBy],methods=[GET]}" onto public java.lang.String com.example.zipkinservice1.ZipkinController.calledBy() 
15:07:01.038 [main] INFO  o.s.w.s.m.m.a.RequestMappingHandlerMapping - Mapped "{[/error]}" onto public org.springframework.http.ResponseEntity<java.util.Map<java.lang.String, java.lang.Object>> org.springframework.boot.autoconfigure.web.servlet.error.BasicErrorController.error(javax.servlet.http.HttpServletRequest) 
15:07:01.039 [main] INFO  o.s.w.s.m.m.a.RequestMappingHandlerMapping - Mapped "{[/error],produces=[text/html]}" onto public org.springframework.web.servlet.ModelAndView org.springframework.boot.autoconfigure.web.servlet.error.BasicErrorController.errorHtml(javax.servlet.http.HttpServletRequest,javax.servlet.http.HttpServletResponse) 
15:07:01.109 [main] INFO  o.s.w.s.h.SimpleUrlHandlerMapping - Mapped URL path [/webjars/**] onto handler of type [class org.springframework.web.servlet.resource.ResourceHttpRequestHandler] 
15:07:01.109 [main] INFO  o.s.w.s.h.SimpleUrlHandlerMapping - Mapped URL path [/**] onto handler of type [class org.springframework.web.servlet.resource.ResourceHttpRequestHandler] 
15:07:01.137 [main] INFO  o.s.w.s.m.m.a.ExceptionHandlerExceptionResolver - Detected @ExceptionHandler methods in repositoryRestExceptionHandler 
15:07:01.458 [main] INFO  o.s.d.r.w.RepositoryRestHandlerAdapter - Looking for @ControllerAdvice: org.springframework.boot.web.servlet.context.AnnotationConfigServletWebServerApplicationContext@7823fd74: startup date [Tue Jul 03 15:06:55 CST 2018]; parent: org.springframework.context.annotation.AnnotationConfigApplicationContext@3657399b 
15:07:01.477 [main] INFO  o.s.d.r.w.RepositoryRestHandlerMapping - Mapped "{[/{repository}/search/{search}],methods=[GET],produces=[application/x-spring-data-compact+json]}" onto public org.springframework.hateoas.ResourceSupport org.springframework.data.rest.webmvc.RepositorySearchController.executeSearchCompact(org.springframework.data.rest.webmvc.RootResourceInformation,org.springframework.http.HttpHeaders,org.springframework.util.MultiValueMap<java.lang.String, java.lang.Object>,java.lang.String,java.lang.String,org.springframework.data.rest.webmvc.support.DefaultedPageable,org.springframework.data.domain.Sort,org.springframework.data.rest.webmvc.PersistentEntityResourceAssembler) 
15:07:01.478 [main] INFO  o.s.d.r.w.RepositoryRestHandlerMapping - Mapped "{[/{repository}/search],methods=[OPTIONS],produces=[application/hal+json || application/json]}" onto public org.springframework.http.HttpEntity<?> org.springframework.data.rest.webmvc.RepositorySearchController.optionsForSearches(org.springframework.data.rest.webmvc.RootResourceInformation) 
15:07:01.479 [main] INFO  o.s.d.r.w.RepositoryRestHandlerMapping - Mapped "{[/{repository}/search],methods=[HEAD],produces=[application/hal+json || application/json]}" onto public org.springframework.http.HttpEntity<?> org.springframework.data.rest.webmvc.RepositorySearchController.headForSearches(org.springframework.data.rest.webmvc.RootResourceInformation) 
15:07:01.479 [main] INFO  o.s.d.r.w.RepositoryRestHandlerMapping - Mapped "{[/{repository}/search],methods=[GET],produces=[application/hal+json || application/json]}" onto public org.springframework.data.rest.webmvc.RepositorySearchesResource org.springframework.data.rest.webmvc.RepositorySearchController.listSearches(org.springframework.data.rest.webmvc.RootResourceInformation) 
15:07:01.479 [main] INFO  o.s.d.r.w.RepositoryRestHandlerMapping - Mapped "{[/{repository}/search/{search}],methods=[HEAD],produces=[application/hal+json || application/json]}" onto public org.springframework.http.ResponseEntity<java.lang.Object> org.springframework.data.rest.webmvc.RepositorySearchController.headForSearch(org.springframework.data.rest.webmvc.RootResourceInformation,java.lang.String) 
15:07:01.480 [main] INFO  o.s.d.r.w.RepositoryRestHandlerMapping - Mapped "{[/{repository}/search/{search}],methods=[OPTIONS],produces=[application/hal+json || application/json]}" onto public org.springframework.http.ResponseEntity<java.lang.Object> org.springframework.data.rest.webmvc.RepositorySearchController.optionsForSearch(org.springframework.data.rest.webmvc.RootResourceInformation,java.lang.String) 
15:07:01.481 [main] INFO  o.s.d.r.w.RepositoryRestHandlerMapping - Mapped "{[/{repository}/search/{search}],methods=[GET],produces=[application/hal+json || application/json]}" onto public org.springframework.http.ResponseEntity<?> org.springframework.data.rest.webmvc.RepositorySearchController.executeSearch(org.springframework.data.rest.webmvc.RootResourceInformation,org.springframework.util.MultiValueMap<java.lang.String, java.lang.Object>,java.lang.String,org.springframework.data.rest.webmvc.support.DefaultedPageable,org.springframework.data.domain.Sort,org.springframework.data.rest.webmvc.PersistentEntityResourceAssembler,org.springframework.http.HttpHeaders) 
15:07:01.488 [main] INFO  o.s.d.r.w.RepositoryRestHandlerMapping - Mapped "{[/{repository}/{id}/{property}],methods=[DELETE],produces=[application/hal+json || application/json]}" onto public org.springframework.http.ResponseEntity<? extends org.springframework.hateoas.ResourceSupport> org.springframework.data.rest.webmvc.RepositoryPropertyReferenceController.deletePropertyReference(org.springframework.data.rest.webmvc.RootResourceInformation,java.io.Serializable,java.lang.String) throws java.lang.Exception 
15:07:01.488 [main] INFO  o.s.d.r.w.RepositoryRestHandlerMapping - Mapped "{[/{repository}/{id}/{property}],methods=[GET],produces=[application/hal+json || application/json]}" onto public org.springframework.http.ResponseEntity<org.springframework.hateoas.ResourceSupport> org.springframework.data.rest.webmvc.RepositoryPropertyReferenceController.followPropertyReference(org.springframework.data.rest.webmvc.RootResourceInformation,java.io.Serializable,java.lang.String,org.springframework.data.rest.webmvc.PersistentEntityResourceAssembler) throws java.lang.Exception 
15:07:01.489 [main] INFO  o.s.d.r.w.RepositoryRestHandlerMapping - Mapped "{[/{repository}/{id}/{property}/{propertyId}],methods=[GET],produces=[application/hal+json || application/json]}" onto public org.springframework.http.ResponseEntity<org.springframework.hateoas.ResourceSupport> org.springframework.data.rest.webmvc.RepositoryPropertyReferenceController.followPropertyReference(org.springframework.data.rest.webmvc.RootResourceInformation,java.io.Serializable,java.lang.String,java.lang.String,org.springframework.data.rest.webmvc.PersistentEntityResourceAssembler) throws java.lang.Exception 
15:07:01.492 [main] INFO  o.s.d.r.w.RepositoryRestHandlerMapping - Mapped "{[/{repository}/{id}/{property}],methods=[GET],produces=[application/x-spring-data-compact+json || text/uri-list]}" onto public org.springframework.http.ResponseEntity<org.springframework.hateoas.ResourceSupport> org.springframework.data.rest.webmvc.RepositoryPropertyReferenceController.followPropertyReferenceCompact(org.springframework.data.rest.webmvc.RootResourceInformation,java.io.Serializable,java.lang.String,org.springframework.data.rest.webmvc.PersistentEntityResourceAssembler) throws java.lang.Exception 
15:07:01.492 [main] INFO  o.s.d.r.w.RepositoryRestHandlerMapping - Mapped "{[/{repository}/{id}/{property}],methods=[PATCH || PUT || POST],consumes=[application/json || application/x-spring-data-compact+json || text/uri-list],produces=[application/hal+json || application/json]}" onto public org.springframework.http.ResponseEntity<? extends org.springframework.hateoas.ResourceSupport> org.springframework.data.rest.webmvc.RepositoryPropertyReferenceController.createPropertyReference(org.springframework.data.rest.webmvc.RootResourceInformation,org.springframework.http.HttpMethod,org.springframework.hateoas.Resources<java.lang.Object>,java.io.Serializable,java.lang.String) throws java.lang.Exception 
15:07:01.493 [main] INFO  o.s.d.r.w.RepositoryRestHandlerMapping - Mapped "{[/{repository}/{id}/{property}/{propertyId}],methods=[DELETE],produces=[application/hal+json || application/json]}" onto public org.springframework.http.ResponseEntity<org.springframework.hateoas.ResourceSupport> org.springframework.data.rest.webmvc.RepositoryPropertyReferenceController.deletePropertyReferenceId(org.springframework.data.rest.webmvc.RootResourceInformation,java.io.Serializable,java.lang.String,java.lang.String) throws java.lang.Exception 
15:07:01.502 [main] INFO  o.s.d.r.w.RepositoryRestHandlerMapping - Mapped "{[/{repository}],methods=[HEAD],produces=[application/hal+json || application/json]}" onto public org.springframework.http.ResponseEntity<?> org.springframework.data.rest.webmvc.RepositoryEntityController.headCollectionResource(org.springframework.data.rest.webmvc.RootResourceInformation,org.springframework.data.rest.webmvc.support.DefaultedPageable) throws org.springframework.web.HttpRequestMethodNotSupportedException 
15:07:01.503 [main] INFO  o.s.d.r.w.RepositoryRestHandlerMapping - Mapped "{[/{repository}/{id}],methods=[HEAD],produces=[application/hal+json || application/json]}" onto public org.springframework.http.ResponseEntity<?> org.springframework.data.rest.webmvc.RepositoryEntityController.headForItemResource(org.springframework.data.rest.webmvc.RootResourceInformation,java.io.Serializable,org.springframework.data.rest.webmvc.PersistentEntityResourceAssembler) throws org.springframework.web.HttpRequestMethodNotSupportedException 
15:07:01.509 [main] INFO  o.s.d.r.w.RepositoryRestHandlerMapping - Mapped "{[/{repository}],methods=[GET],produces=[application/hal+json || application/json]}" onto public org.springframework.hateoas.Resources<?> org.springframework.data.rest.webmvc.RepositoryEntityController.getCollectionResource(org.springframework.data.rest.webmvc.RootResourceInformation,org.springframework.data.rest.webmvc.support.DefaultedPageable,org.springframework.data.domain.Sort,org.springframework.data.rest.webmvc.PersistentEntityResourceAssembler) throws org.springframework.data.rest.webmvc.ResourceNotFoundException,org.springframework.web.HttpRequestMethodNotSupportedException 
15:07:01.509 [main] INFO  o.s.d.r.w.RepositoryRestHandlerMapping - Mapped "{[/{repository}],methods=[OPTIONS],produces=[application/hal+json || application/json]}" onto public org.springframework.http.ResponseEntity<?> org.springframework.data.rest.webmvc.RepositoryEntityController.optionsForCollectionResource(org.springframework.data.rest.webmvc.RootResourceInformation) 
15:07:01.511 [main] INFO  o.s.d.r.w.RepositoryRestHandlerMapping - Mapped "{[/{repository}/{id}],methods=[OPTIONS],produces=[application/hal+json || application/json]}" onto public org.springframework.http.ResponseEntity<?> org.springframework.data.rest.webmvc.RepositoryEntityController.optionsForItemResource(org.springframework.data.rest.webmvc.RootResourceInformation) 
15:07:01.512 [main] INFO  o.s.d.r.w.RepositoryRestHandlerMapping - Mapped "{[/{repository}],methods=[POST],produces=[application/hal+json || application/json]}" onto public org.springframework.http.ResponseEntity<org.springframework.hateoas.ResourceSupport> org.springframework.data.rest.webmvc.RepositoryEntityController.postCollectionResource(org.springframework.data.rest.webmvc.RootResourceInformation,org.springframework.data.rest.webmvc.PersistentEntityResource,org.springframework.data.rest.webmvc.PersistentEntityResourceAssembler,java.lang.String) throws org.springframework.web.HttpRequestMethodNotSupportedException 
15:07:01.512 [main] INFO  o.s.d.r.w.RepositoryRestHandlerMapping - Mapped "{[/{repository}],methods=[GET],produces=[application/x-spring-data-compact+json || text/uri-list]}" onto public org.springframework.hateoas.Resources<?> org.springframework.data.rest.webmvc.RepositoryEntityController.getCollectionResourceCompact(org.springframework.data.rest.webmvc.RootResourceInformation,org.springframework.data.rest.webmvc.support.DefaultedPageable,org.springframework.data.domain.Sort,org.springframework.data.rest.webmvc.PersistentEntityResourceAssembler) throws org.springframework.data.rest.webmvc.ResourceNotFoundException,org.springframework.web.HttpRequestMethodNotSupportedException 
15:07:01.513 [main] INFO  o.s.d.r.w.RepositoryRestHandlerMapping - Mapped "{[/{repository}/{id}],methods=[DELETE],produces=[application/hal+json || application/json]}" onto public org.springframework.http.ResponseEntity<?> org.springframework.data.rest.webmvc.RepositoryEntityController.deleteItemResource(org.springframework.data.rest.webmvc.RootResourceInformation,java.io.Serializable,org.springframework.data.rest.webmvc.support.ETag) throws org.springframework.data.rest.webmvc.ResourceNotFoundException,org.springframework.web.HttpRequestMethodNotSupportedException 
15:07:01.514 [main] INFO  o.s.d.r.w.RepositoryRestHandlerMapping - Mapped "{[/{repository}/{id}],methods=[PATCH],produces=[application/hal+json || application/json]}" onto public org.springframework.http.ResponseEntity<org.springframework.hateoas.ResourceSupport> org.springframework.data.rest.webmvc.RepositoryEntityController.patchItemResource(org.springframework.data.rest.webmvc.RootResourceInformation,org.springframework.data.rest.webmvc.PersistentEntityResource,java.io.Serializable,org.springframework.data.rest.webmvc.PersistentEntityResourceAssembler,org.springframework.data.rest.webmvc.support.ETag,java.lang.String) throws org.springframework.web.HttpRequestMethodNotSupportedException,org.springframework.data.rest.webmvc.ResourceNotFoundException 
15:07:01.515 [main] INFO  o.s.d.r.w.RepositoryRestHandlerMapping - Mapped "{[/{repository}/{id}],methods=[GET],produces=[application/hal+json || application/json]}" onto public org.springframework.http.ResponseEntity<org.springframework.hateoas.Resource<?>> org.springframework.data.rest.webmvc.RepositoryEntityController.getItemResource(org.springframework.data.rest.webmvc.RootResourceInformation,java.io.Serializable,org.springframework.data.rest.webmvc.PersistentEntityResourceAssembler,org.springframework.http.HttpHeaders) throws org.springframework.web.HttpRequestMethodNotSupportedException 
15:07:01.515 [main] INFO  o.s.d.r.w.RepositoryRestHandlerMapping - Mapped "{[/{repository}/{id}],methods=[PUT],produces=[application/hal+json || application/json]}" onto public org.springframework.http.ResponseEntity<? extends org.springframework.hateoas.ResourceSupport> org.springframework.data.rest.webmvc.RepositoryEntityController.putItemResource(org.springframework.data.rest.webmvc.RootResourceInformation,org.springframework.data.rest.webmvc.PersistentEntityResource,java.io.Serializable,org.springframework.data.rest.webmvc.PersistentEntityResourceAssembler,org.springframework.data.rest.webmvc.support.ETag,java.lang.String) throws org.springframework.web.HttpRequestMethodNotSupportedException 
15:07:01.516 [main] INFO  o.s.d.r.w.RepositoryRestHandlerMapping - Mapped "{[/ || ],methods=[HEAD],produces=[application/hal+json || application/json]}" onto public org.springframework.http.ResponseEntity<?> org.springframework.data.rest.webmvc.RepositoryController.headForRepositories() 
15:07:01.517 [main] INFO  o.s.d.r.w.RepositoryRestHandlerMapping - Mapped "{[/ || ],methods=[OPTIONS],produces=[application/hal+json || application/json]}" onto public org.springframework.http.HttpEntity<?> org.springframework.data.rest.webmvc.RepositoryController.optionsForRepositories() 
15:07:01.517 [main] INFO  o.s.d.r.w.RepositoryRestHandlerMapping - Mapped "{[/ || ],methods=[GET],produces=[application/hal+json || application/json]}" onto public org.springframework.http.HttpEntity<org.springframework.data.rest.webmvc.RepositoryLinksResource> org.springframework.data.rest.webmvc.RepositoryController.listRepositories() 
15:07:01.521 [main] INFO  o.s.d.r.w.BasePathAwareHandlerMapping - Mapped "{[/profile/{repository}],methods=[GET],produces=[application/schema+json]}" onto public org.springframework.http.HttpEntity<org.springframework.data.rest.webmvc.json.JsonSchema> org.springframework.data.rest.webmvc.RepositorySchemaController.schema(org.springframework.data.rest.webmvc.RootResourceInformation) 
15:07:01.522 [main] INFO  o.s.d.r.w.BasePathAwareHandlerMapping - Mapped "{[/profile],methods=[GET]}" onto org.springframework.http.HttpEntity<org.springframework.hateoas.ResourceSupport> org.springframework.data.rest.webmvc.ProfileController.listAllFormsOfMetadata() 
15:07:01.522 [main] INFO  o.s.d.r.w.BasePathAwareHandlerMapping - Mapped "{[/profile],methods=[OPTIONS]}" onto public org.springframework.http.HttpEntity<?> org.springframework.data.rest.webmvc.ProfileController.profileOptions() 
15:07:01.523 [main] INFO  o.s.d.r.w.BasePathAwareHandlerMapping - Mapped "{[/profile/{repository}],methods=[GET],produces=[application/alps+json || */*]}" onto org.springframework.http.HttpEntity<org.springframework.data.rest.webmvc.RootResourceInformation> org.springframework.data.rest.webmvc.alps.AlpsController.descriptor(org.springframework.data.rest.webmvc.RootResourceInformation) 
15:07:01.523 [main] INFO  o.s.d.r.w.BasePathAwareHandlerMapping - Mapped "{[/profile/{repository}],methods=[OPTIONS],produces=[application/alps+json]}" onto org.springframework.http.HttpEntity<?> org.springframework.data.rest.webmvc.alps.AlpsController.alpsOptions() 
15:07:02.411 [main] INFO  o.s.j.e.a.AnnotationMBeanExporter - Registering beans for JMX exposure on startup 
15:07:02.423 [main] INFO  o.s.j.e.a.AnnotationMBeanExporter - Bean with name 'refreshScope' has been autodetected for JMX exposure 
15:07:02.424 [main] INFO  o.s.j.e.a.AnnotationMBeanExporter - Bean with name 'configurationPropertiesRebinder' has been autodetected for JMX exposure 
15:07:02.425 [main] INFO  o.s.j.e.a.AnnotationMBeanExporter - Bean with name 'environmentManager' has been autodetected for JMX exposure 
15:07:02.431 [main] INFO  o.s.j.e.a.AnnotationMBeanExporter - Located managed bean 'environmentManager': registering with JMX server as MBean [org.springframework.cloud.context.environment:name=environmentManager,type=EnvironmentManager] 
15:07:02.464 [main] INFO  o.s.j.e.a.AnnotationMBeanExporter - Located managed bean 'refreshScope': registering with JMX server as MBean [org.springframework.cloud.context.scope.refresh:name=refreshScope,type=RefreshScope] 
15:07:02.477 [main] INFO  o.s.j.e.a.AnnotationMBeanExporter - Located managed bean 'configurationPropertiesRebinder': registering with JMX server as MBean [org.springframework.cloud.context.properties:name=configurationPropertiesRebinder,context=7823fd74,type=ConfigurationPropertiesRebinder] 
15:07:02.512 [main] INFO  o.a.coyote.http11.Http11NioProtocol - Starting ProtocolHandler ["http-nio-8081"] 
15:07:02.524 [main] INFO  o.a.tomcat.util.net.NioSelectorPool - Using a shared selector for servlet write/read 
15:07:02.547 [main] INFO  o.s.b.w.e.tomcat.TomcatWebServer - Tomcat started on port(s): 8081 (http) with context path '' 
15:07:02.552 [main] INFO  c.e.z.ZipkinService1Application - Started ZipkinService1Application in 8.957 seconds (JVM running for 14.262) 
2018-07-03 15:16:38,167 [main] INFO  o.s.c.a.AnnotationConfigApplicationContext - Refreshing org.springframework.context.annotation.AnnotationConfigApplicationContext@2f162ce7: startup date [Tue Jul 03 15:16:38 CST 2018]; root of context hierarchy
2018-07-03 15:16:38,495 [main] INFO  o.s.c.s.PostProcessorRegistrationDelegate$BeanPostProcessorChecker - Bean 'configurationPropertiesRebinderAutoConfiguration' of type [org.springframework.cloud.autoconfigure.ConfigurationPropertiesRebinderAutoConfiguration$$EnhancerBySpringCGLIB$$65790e67] is not eligible for getting processed by all BeanPostProcessors (for example: not eligible for auto-proxying)
2018-07-03 15:16:38,853 [main] INFO  c.e.z.ZipkinService1Application - No active profile set, falling back to default profiles: default
2018-07-03 15:16:38,869 [main] INFO  o.s.b.w.s.c.AnnotationConfigServletWebServerApplicationContext - Refreshing org.springframework.boot.web.servlet.context.AnnotationConfigServletWebServerApplicationContext@774fc571: startup date [Tue Jul 03 15:16:38 CST 2018]; parent: org.springframework.context.annotation.AnnotationConfigApplicationContext@2f162ce7
2018-07-03 15:16:39,615 [main] INFO  o.s.b.f.s.DefaultListableBeanFactory - Overriding bean definition for bean 'httpRequestHandlerAdapter' with a different definition: replacing [Root bean: class [null]; scope=; abstract=false; lazyInit=false; autowireMode=3; dependencyCheck=0; autowireCandidate=true; primary=false; factoryBeanName=org.springframework.boot.autoconfigure.web.servlet.WebMvcAutoConfiguration$EnableWebMvcConfiguration; factoryMethodName=httpRequestHandlerAdapter; initMethodName=null; destroyMethodName=(inferred); defined in class path resource [org/springframework/boot/autoconfigure/web/servlet/WebMvcAutoConfiguration$EnableWebMvcConfiguration.class]] with [Root bean: class [null]; scope=; abstract=false; lazyInit=false; autowireMode=3; dependencyCheck=0; autowireCandidate=true; primary=false; factoryBeanName=org.springframework.data.rest.webmvc.config.RepositoryRestMvcConfiguration; factoryMethodName=httpRequestHandlerAdapter; initMethodName=null; destroyMethodName=(inferred); defined in class path resource [org/springframework/data/rest/webmvc/config/RepositoryRestMvcConfiguration.class]]
2018-07-03 15:16:40,160 [main] INFO  o.s.cloud.context.scope.GenericScope - BeanFactory id=924c3369-534f-36a9-b76c-0eb0d2452a6d
2018-07-03 15:16:40,609 [main] INFO  o.s.c.s.PostProcessorRegistrationDelegate$BeanPostProcessorChecker - Bean 'org.springframework.cloud.autoconfigure.ConfigurationPropertiesRebinderAutoConfiguration' of type [org.springframework.cloud.autoconfigure.ConfigurationPropertiesRebinderAutoConfiguration$$EnhancerBySpringCGLIB$$65790e67] is not eligible for getting processed by all BeanPostProcessors (for example: not eligible for auto-proxying)
2018-07-03 15:16:41,369 [main] INFO  o.s.b.w.e.tomcat.TomcatWebServer - Tomcat initialized with port(s): 8081 (http)
2018-07-03 15:16:41,393 [main] INFO  o.a.coyote.http11.Http11NioProtocol - Initializing ProtocolHandler ["http-nio-8081"]
2018-07-03 15:16:41,414 [main] INFO  o.a.catalina.core.StandardService - Starting service [Tomcat]
2018-07-03 15:16:41,415 [main] INFO  o.a.catalina.core.StandardEngine - Starting Servlet Engine: Apache Tomcat/8.5.31
2018-07-03 15:16:41,432 [localhost-startStop-1] INFO  o.a.c.core.AprLifecycleListener - The APR based Apache Tomcat Native library which allows optimal performance in production environments was not found on the java.library.path: [C:\Program Files\Java\jdk1.8.0_171\bin;C:\WINDOWS\Sun\Java\bin;C:\WINDOWS\system32;C:\WINDOWS;C:\Program Files\Python27\;C:\Program Files\Python27\Scripts;C:\Program Files (x86)\Common Files\Oracle\Java\javapath;C:\WINDOWS\system32;C:\WINDOWS;C:\WINDOWS\System32\Wbem;C:\WINDOWS\System32\WindowsPowerShell\v1.0\;C:\Program Files\Git\cmd;C:\WINDOWS\System32\OpenSSH\;C:\Program Files\nodejs\;C:\Program Files\MongoDB\Server\3.6\bin;C:\Users\87524\AppData\Local\Microsoft\WindowsApps;C:\Program Files\Microsoft VS Code\bin;C:\Users\87524\AppData\Local\GitHubDesktop\bin;C:\Users\87524\AppData\Local\Microsoft\WindowsApps;C:\Users\87524\AppData\Roaming\npm;.]
2018-07-03 15:16:41,573 [localhost-startStop-1] INFO  o.a.c.c.C.[Tomcat].[localhost].[/] - Initializing Spring embedded WebApplicationContext
2018-07-03 15:16:41,574 [localhost-startStop-1] INFO  o.s.web.context.ContextLoader - Root WebApplicationContext: initialization completed in 2704 ms
2018-07-03 15:16:42,595 [localhost-startStop-1] INFO  o.s.b.w.s.FilterRegistrationBean - Mapping filter: 'characterEncodingFilter' to: [/*]
2018-07-03 15:16:42,596 [localhost-startStop-1] INFO  o.s.b.w.s.FilterRegistrationBean - Mapping filter: 'tracingFilter' to: [/*]
2018-07-03 15:16:42,596 [localhost-startStop-1] INFO  o.s.b.w.s.FilterRegistrationBean - Mapping filter: 'exceptionLoggingFilter' to: [/*]
2018-07-03 15:16:42,596 [localhost-startStop-1] INFO  o.s.b.w.s.FilterRegistrationBean - Mapping filter: 'hiddenHttpMethodFilter' to: [/*]
2018-07-03 15:16:42,596 [localhost-startStop-1] INFO  o.s.b.w.s.FilterRegistrationBean - Mapping filter: 'httpPutFormContentFilter' to: [/*]
2018-07-03 15:16:42,596 [localhost-startStop-1] INFO  o.s.b.w.s.FilterRegistrationBean - Mapping filter: 'requestContextFilter' to: [/*]
2018-07-03 15:16:42,596 [localhost-startStop-1] INFO  o.s.b.w.s.ServletRegistrationBean - Servlet dispatcherServlet mapped to [/]
2018-07-03 15:16:43,464 [main] INFO  o.s.w.s.h.SimpleUrlHandlerMapping - Mapped URL path [/**/favicon.ico] onto handler of type [class org.springframework.web.servlet.resource.ResourceHttpRequestHandler]
2018-07-03 15:16:43,766 [main] INFO  o.s.w.s.m.m.a.RequestMappingHandlerAdapter - Looking for @ControllerAdvice: org.springframework.boot.web.servlet.context.AnnotationConfigServletWebServerApplicationContext@774fc571: startup date [Tue Jul 03 15:16:38 CST 2018]; parent: org.springframework.context.annotation.AnnotationConfigApplicationContext@2f162ce7
2018-07-03 15:16:43,879 [main] INFO  o.s.w.s.m.m.a.RequestMappingHandlerMapping - Mapped "{[/call],methods=[GET]}" onto public java.lang.String com.example.zipkinservice1.ZipkinController.call()
2018-07-03 15:16:43,881 [main] INFO  o.s.w.s.m.m.a.RequestMappingHandlerMapping - Mapped "{[/calledBy],methods=[GET]}" onto public java.lang.String com.example.zipkinservice1.ZipkinController.calledBy()
2018-07-03 15:16:43,884 [main] INFO  o.s.w.s.m.m.a.RequestMappingHandlerMapping - Mapped "{[/error]}" onto public org.springframework.http.ResponseEntity<java.util.Map<java.lang.String, java.lang.Object>> org.springframework.boot.autoconfigure.web.servlet.error.BasicErrorController.error(javax.servlet.http.HttpServletRequest)
2018-07-03 15:16:43,884 [main] INFO  o.s.w.s.m.m.a.RequestMappingHandlerMapping - Mapped "{[/error],produces=[text/html]}" onto public org.springframework.web.servlet.ModelAndView org.springframework.boot.autoconfigure.web.servlet.error.BasicErrorController.errorHtml(javax.servlet.http.HttpServletRequest,javax.servlet.http.HttpServletResponse)
2018-07-03 15:16:43,952 [main] INFO  o.s.w.s.h.SimpleUrlHandlerMapping - Mapped URL path [/webjars/**] onto handler of type [class org.springframework.web.servlet.resource.ResourceHttpRequestHandler]
2018-07-03 15:16:43,952 [main] INFO  o.s.w.s.h.SimpleUrlHandlerMapping - Mapped URL path [/**] onto handler of type [class org.springframework.web.servlet.resource.ResourceHttpRequestHandler]
2018-07-03 15:16:43,986 [main] INFO  o.s.w.s.m.m.a.ExceptionHandlerExceptionResolver - Detected @ExceptionHandler methods in repositoryRestExceptionHandler
2018-07-03 15:16:44,367 [main] INFO  o.s.d.r.w.RepositoryRestHandlerAdapter - Looking for @ControllerAdvice: org.springframework.boot.web.servlet.context.AnnotationConfigServletWebServerApplicationContext@774fc571: startup date [Tue Jul 03 15:16:38 CST 2018]; parent: org.springframework.context.annotation.AnnotationConfigApplicationContext@2f162ce7
2018-07-03 15:16:44,394 [main] INFO  o.s.d.r.w.RepositoryRestHandlerMapping - Mapped "{[/{repository}/search],methods=[HEAD],produces=[application/hal+json || application/json]}" onto public org.springframework.http.HttpEntity<?> org.springframework.data.rest.webmvc.RepositorySearchController.headForSearches(org.springframework.data.rest.webmvc.RootResourceInformation)
2018-07-03 15:16:44,396 [main] INFO  o.s.d.r.w.RepositoryRestHandlerMapping - Mapped "{[/{repository}/search],methods=[GET],produces=[application/hal+json || application/json]}" onto public org.springframework.data.rest.webmvc.RepositorySearchesResource org.springframework.data.rest.webmvc.RepositorySearchController.listSearches(org.springframework.data.rest.webmvc.RootResourceInformation)
2018-07-03 15:16:44,397 [main] INFO  o.s.d.r.w.RepositoryRestHandlerMapping - Mapped "{[/{repository}/search/{search}],methods=[OPTIONS],produces=[application/hal+json || application/json]}" onto public org.springframework.http.ResponseEntity<java.lang.Object> org.springframework.data.rest.webmvc.RepositorySearchController.optionsForSearch(org.springframework.data.rest.webmvc.RootResourceInformation,java.lang.String)
2018-07-03 15:16:44,397 [main] INFO  o.s.d.r.w.RepositoryRestHandlerMapping - Mapped "{[/{repository}/search/{search}],methods=[HEAD],produces=[application/hal+json || application/json]}" onto public org.springframework.http.ResponseEntity<java.lang.Object> org.springframework.data.rest.webmvc.RepositorySearchController.headForSearch(org.springframework.data.rest.webmvc.RootResourceInformation,java.lang.String)
2018-07-03 15:16:44,398 [main] INFO  o.s.d.r.w.RepositoryRestHandlerMapping - Mapped "{[/{repository}/search/{search}],methods=[GET],produces=[application/hal+json || application/json]}" onto public org.springframework.http.ResponseEntity<?> org.springframework.data.rest.webmvc.RepositorySearchController.executeSearch(org.springframework.data.rest.webmvc.RootResourceInformation,org.springframework.util.MultiValueMap<java.lang.String, java.lang.Object>,java.lang.String,org.springframework.data.rest.webmvc.support.DefaultedPageable,org.springframework.data.domain.Sort,org.springframework.data.rest.webmvc.PersistentEntityResourceAssembler,org.springframework.http.HttpHeaders)
2018-07-03 15:16:44,398 [main] INFO  o.s.d.r.w.RepositoryRestHandlerMapping - Mapped "{[/{repository}/search],methods=[OPTIONS],produces=[application/hal+json || application/json]}" onto public org.springframework.http.HttpEntity<?> org.springframework.data.rest.webmvc.RepositorySearchController.optionsForSearches(org.springframework.data.rest.webmvc.RootResourceInformation)
2018-07-03 15:16:44,399 [main] INFO  o.s.d.r.w.RepositoryRestHandlerMapping - Mapped "{[/{repository}/search/{search}],methods=[GET],produces=[application/x-spring-data-compact+json]}" onto public org.springframework.hateoas.ResourceSupport org.springframework.data.rest.webmvc.RepositorySearchController.executeSearchCompact(org.springframework.data.rest.webmvc.RootResourceInformation,org.springframework.http.HttpHeaders,org.springframework.util.MultiValueMap<java.lang.String, java.lang.Object>,java.lang.String,java.lang.String,org.springframework.data.rest.webmvc.support.DefaultedPageable,org.springframework.data.domain.Sort,org.springframework.data.rest.webmvc.PersistentEntityResourceAssembler)
2018-07-03 15:16:44,403 [main] INFO  o.s.d.r.w.RepositoryRestHandlerMapping - Mapped "{[/{repository}/{id}/{property}],methods=[DELETE],produces=[application/hal+json || application/json]}" onto public org.springframework.http.ResponseEntity<? extends org.springframework.hateoas.ResourceSupport> org.springframework.data.rest.webmvc.RepositoryPropertyReferenceController.deletePropertyReference(org.springframework.data.rest.webmvc.RootResourceInformation,java.io.Serializable,java.lang.String) throws java.lang.Exception
2018-07-03 15:16:44,404 [main] INFO  o.s.d.r.w.RepositoryRestHandlerMapping - Mapped "{[/{repository}/{id}/{property}],methods=[PATCH || PUT || POST],consumes=[application/json || application/x-spring-data-compact+json || text/uri-list],produces=[application/hal+json || application/json]}" onto public org.springframework.http.ResponseEntity<? extends org.springframework.hateoas.ResourceSupport> org.springframework.data.rest.webmvc.RepositoryPropertyReferenceController.createPropertyReference(org.springframework.data.rest.webmvc.RootResourceInformation,org.springframework.http.HttpMethod,org.springframework.hateoas.Resources<java.lang.Object>,java.io.Serializable,java.lang.String) throws java.lang.Exception
2018-07-03 15:16:44,405 [main] INFO  o.s.d.r.w.RepositoryRestHandlerMapping - Mapped "{[/{repository}/{id}/{property}/{propertyId}],methods=[DELETE],produces=[application/hal+json || application/json]}" onto public org.springframework.http.ResponseEntity<org.springframework.hateoas.ResourceSupport> org.springframework.data.rest.webmvc.RepositoryPropertyReferenceController.deletePropertyReferenceId(org.springframework.data.rest.webmvc.RootResourceInformation,java.io.Serializable,java.lang.String,java.lang.String) throws java.lang.Exception
2018-07-03 15:16:44,406 [main] INFO  o.s.d.r.w.RepositoryRestHandlerMapping - Mapped "{[/{repository}/{id}/{property}],methods=[GET],produces=[application/x-spring-data-compact+json || text/uri-list]}" onto public org.springframework.http.ResponseEntity<org.springframework.hateoas.ResourceSupport> org.springframework.data.rest.webmvc.RepositoryPropertyReferenceController.followPropertyReferenceCompact(org.springframework.data.rest.webmvc.RootResourceInformation,java.io.Serializable,java.lang.String,org.springframework.data.rest.webmvc.PersistentEntityResourceAssembler) throws java.lang.Exception
2018-07-03 15:16:44,406 [main] INFO  o.s.d.r.w.RepositoryRestHandlerMapping - Mapped "{[/{repository}/{id}/{property}/{propertyId}],methods=[GET],produces=[application/hal+json || application/json]}" onto public org.springframework.http.ResponseEntity<org.springframework.hateoas.ResourceSupport> org.springframework.data.rest.webmvc.RepositoryPropertyReferenceController.followPropertyReference(org.springframework.data.rest.webmvc.RootResourceInformation,java.io.Serializable,java.lang.String,java.lang.String,org.springframework.data.rest.webmvc.PersistentEntityResourceAssembler) throws java.lang.Exception
2018-07-03 15:16:44,407 [main] INFO  o.s.d.r.w.RepositoryRestHandlerMapping - Mapped "{[/{repository}/{id}/{property}],methods=[GET],produces=[application/hal+json || application/json]}" onto public org.springframework.http.ResponseEntity<org.springframework.hateoas.ResourceSupport> org.springframework.data.rest.webmvc.RepositoryPropertyReferenceController.followPropertyReference(org.springframework.data.rest.webmvc.RootResourceInformation,java.io.Serializable,java.lang.String,org.springframework.data.rest.webmvc.PersistentEntityResourceAssembler) throws java.lang.Exception
2018-07-03 15:16:44,412 [main] INFO  o.s.d.r.w.RepositoryRestHandlerMapping - Mapped "{[/{repository}/{id}],methods=[PUT],produces=[application/hal+json || application/json]}" onto public org.springframework.http.ResponseEntity<? extends org.springframework.hateoas.ResourceSupport> org.springframework.data.rest.webmvc.RepositoryEntityController.putItemResource(org.springframework.data.rest.webmvc.RootResourceInformation,org.springframework.data.rest.webmvc.PersistentEntityResource,java.io.Serializable,org.springframework.data.rest.webmvc.PersistentEntityResourceAssembler,org.springframework.data.rest.webmvc.support.ETag,java.lang.String) throws org.springframework.web.HttpRequestMethodNotSupportedException
2018-07-03 15:16:44,412 [main] INFO  o.s.d.r.w.RepositoryRestHandlerMapping - Mapped "{[/{repository}/{id}],methods=[GET],produces=[application/hal+json || application/json]}" onto public org.springframework.http.ResponseEntity<org.springframework.hateoas.Resource<?>> org.springframework.data.rest.webmvc.RepositoryEntityController.getItemResource(org.springframework.data.rest.webmvc.RootResourceInformation,java.io.Serializable,org.springframework.data.rest.webmvc.PersistentEntityResourceAssembler,org.springframework.http.HttpHeaders) throws org.springframework.web.HttpRequestMethodNotSupportedException
2018-07-03 15:16:44,413 [main] INFO  o.s.d.r.w.RepositoryRestHandlerMapping - Mapped "{[/{repository}],methods=[GET],produces=[application/x-spring-data-compact+json || text/uri-list]}" onto public org.springframework.hateoas.Resources<?> org.springframework.data.rest.webmvc.RepositoryEntityController.getCollectionResourceCompact(org.springframework.data.rest.webmvc.RootResourceInformation,org.springframework.data.rest.webmvc.support.DefaultedPageable,org.springframework.data.domain.Sort,org.springframework.data.rest.webmvc.PersistentEntityResourceAssembler) throws org.springframework.data.rest.webmvc.ResourceNotFoundException,org.springframework.web.HttpRequestMethodNotSupportedException
2018-07-03 15:16:44,413 [main] INFO  o.s.d.r.w.RepositoryRestHandlerMapping - Mapped "{[/{repository}],methods=[POST],produces=[application/hal+json || application/json]}" onto public org.springframework.http.ResponseEntity<org.springframework.hateoas.ResourceSupport> org.springframework.data.rest.webmvc.RepositoryEntityController.postCollectionResource(org.springframework.data.rest.webmvc.RootResourceInformation,org.springframework.data.rest.webmvc.PersistentEntityResource,org.springframework.data.rest.webmvc.PersistentEntityResourceAssembler,java.lang.String) throws org.springframework.web.HttpRequestMethodNotSupportedException
2018-07-03 15:16:44,414 [main] INFO  o.s.d.r.w.RepositoryRestHandlerMapping - Mapped "{[/{repository}],methods=[OPTIONS],produces=[application/hal+json || application/json]}" onto public org.springframework.http.ResponseEntity<?> org.springframework.data.rest.webmvc.RepositoryEntityController.optionsForCollectionResource(org.springframework.data.rest.webmvc.RootResourceInformation)
2018-07-03 15:16:44,417 [main] INFO  o.s.d.r.w.RepositoryRestHandlerMapping - Mapped "{[/{repository}],methods=[HEAD],produces=[application/hal+json || application/json]}" onto public org.springframework.http.ResponseEntity<?> org.springframework.data.rest.webmvc.RepositoryEntityController.headCollectionResource(org.springframework.data.rest.webmvc.RootResourceInformation,org.springframework.data.rest.webmvc.support.DefaultedPageable) throws org.springframework.web.HttpRequestMethodNotSupportedException
2018-07-03 15:16:44,417 [main] INFO  o.s.d.r.w.RepositoryRestHandlerMapping - Mapped "{[/{repository}/{id}],methods=[DELETE],produces=[application/hal+json || application/json]}" onto public org.springframework.http.ResponseEntity<?> org.springframework.data.rest.webmvc.RepositoryEntityController.deleteItemResource(org.springframework.data.rest.webmvc.RootResourceInformation,java.io.Serializable,org.springframework.data.rest.webmvc.support.ETag) throws org.springframework.data.rest.webmvc.ResourceNotFoundException,org.springframework.web.HttpRequestMethodNotSupportedException
2018-07-03 15:16:44,418 [main] INFO  o.s.d.r.w.RepositoryRestHandlerMapping - Mapped "{[/{repository}/{id}],methods=[PATCH],produces=[application/hal+json || application/json]}" onto public org.springframework.http.ResponseEntity<org.springframework.hateoas.ResourceSupport> org.springframework.data.rest.webmvc.RepositoryEntityController.patchItemResource(org.springframework.data.rest.webmvc.RootResourceInformation,org.springframework.data.rest.webmvc.PersistentEntityResource,java.io.Serializable,org.springframework.data.rest.webmvc.PersistentEntityResourceAssembler,org.springframework.data.rest.webmvc.support.ETag,java.lang.String) throws org.springframework.web.HttpRequestMethodNotSupportedException,org.springframework.data.rest.webmvc.ResourceNotFoundException
2018-07-03 15:16:44,419 [main] INFO  o.s.d.r.w.RepositoryRestHandlerMapping - Mapped "{[/{repository}/{id}],methods=[OPTIONS],produces=[application/hal+json || application/json]}" onto public org.springframework.http.ResponseEntity<?> org.springframework.data.rest.webmvc.RepositoryEntityController.optionsForItemResource(org.springframework.data.rest.webmvc.RootResourceInformation)
2018-07-03 15:16:44,420 [main] INFO  o.s.d.r.w.RepositoryRestHandlerMapping - Mapped "{[/{repository}/{id}],methods=[HEAD],produces=[application/hal+json || application/json]}" onto public org.springframework.http.ResponseEntity<?> org.springframework.data.rest.webmvc.RepositoryEntityController.headForItemResource(org.springframework.data.rest.webmvc.RootResourceInformation,java.io.Serializable,org.springframework.data.rest.webmvc.PersistentEntityResourceAssembler) throws org.springframework.web.HttpRequestMethodNotSupportedException
2018-07-03 15:16:44,421 [main] INFO  o.s.d.r.w.RepositoryRestHandlerMapping - Mapped "{[/{repository}],methods=[GET],produces=[application/hal+json || application/json]}" onto public org.springframework.hateoas.Resources<?> org.springframework.data.rest.webmvc.RepositoryEntityController.getCollectionResource(org.springframework.data.rest.webmvc.RootResourceInformation,org.springframework.data.rest.webmvc.support.DefaultedPageable,org.springframework.data.domain.Sort,org.springframework.data.rest.webmvc.PersistentEntityResourceAssembler) throws org.springframework.data.rest.webmvc.ResourceNotFoundException,org.springframework.web.HttpRequestMethodNotSupportedException
2018-07-03 15:16:44,422 [main] INFO  o.s.d.r.w.RepositoryRestHandlerMapping - Mapped "{[/ || ],methods=[HEAD],produces=[application/hal+json || application/json]}" onto public org.springframework.http.ResponseEntity<?> org.springframework.data.rest.webmvc.RepositoryController.headForRepositories()
2018-07-03 15:16:44,422 [main] INFO  o.s.d.r.w.RepositoryRestHandlerMapping - Mapped "{[/ || ],methods=[OPTIONS],produces=[application/hal+json || application/json]}" onto public org.springframework.http.HttpEntity<?> org.springframework.data.rest.webmvc.RepositoryController.optionsForRepositories()
2018-07-03 15:16:44,423 [main] INFO  o.s.d.r.w.RepositoryRestHandlerMapping - Mapped "{[/ || ],methods=[GET],produces=[application/hal+json || application/json]}" onto public org.springframework.http.HttpEntity<org.springframework.data.rest.webmvc.RepositoryLinksResource> org.springframework.data.rest.webmvc.RepositoryController.listRepositories()
2018-07-03 15:16:44,429 [main] INFO  o.s.d.r.w.BasePathAwareHandlerMapping - Mapped "{[/profile/{repository}],methods=[GET],produces=[application/schema+json]}" onto public org.springframework.http.HttpEntity<org.springframework.data.rest.webmvc.json.JsonSchema> org.springframework.data.rest.webmvc.RepositorySchemaController.schema(org.springframework.data.rest.webmvc.RootResourceInformation)
2018-07-03 15:16:44,429 [main] INFO  o.s.d.r.w.BasePathAwareHandlerMapping - Mapped "{[/profile],methods=[OPTIONS]}" onto public org.springframework.http.HttpEntity<?> org.springframework.data.rest.webmvc.ProfileController.profileOptions()
2018-07-03 15:16:44,430 [main] INFO  o.s.d.r.w.BasePathAwareHandlerMapping - Mapped "{[/profile],methods=[GET]}" onto org.springframework.http.HttpEntity<org.springframework.hateoas.ResourceSupport> org.springframework.data.rest.webmvc.ProfileController.listAllFormsOfMetadata()
2018-07-03 15:16:44,430 [main] INFO  o.s.d.r.w.BasePathAwareHandlerMapping - Mapped "{[/profile/{repository}],methods=[GET],produces=[application/alps+json || */*]}" onto org.springframework.http.HttpEntity<org.springframework.data.rest.webmvc.RootResourceInformation> org.springframework.data.rest.webmvc.alps.AlpsController.descriptor(org.springframework.data.rest.webmvc.RootResourceInformation)
2018-07-03 15:16:44,432 [main] INFO  o.s.d.r.w.BasePathAwareHandlerMapping - Mapped "{[/profile/{repository}],methods=[OPTIONS],produces=[application/alps+json]}" onto org.springframework.http.HttpEntity<?> org.springframework.data.rest.webmvc.alps.AlpsController.alpsOptions()
2018-07-03 15:16:45,332 [main] INFO  o.s.j.e.a.AnnotationMBeanExporter - Registering beans for JMX exposure on startup
2018-07-03 15:16:45,343 [main] INFO  o.s.j.e.a.AnnotationMBeanExporter - Bean with name 'refreshScope' has been autodetected for JMX exposure
2018-07-03 15:16:45,343 [main] INFO  o.s.j.e.a.AnnotationMBeanExporter - Bean with name 'configurationPropertiesRebinder' has been autodetected for JMX exposure
2018-07-03 15:16:45,344 [main] INFO  o.s.j.e.a.AnnotationMBeanExporter - Bean with name 'environmentManager' has been autodetected for JMX exposure
2018-07-03 15:16:45,349 [main] INFO  o.s.j.e.a.AnnotationMBeanExporter - Located managed bean 'environmentManager': registering with JMX server as MBean [org.springframework.cloud.context.environment:name=environmentManager,type=EnvironmentManager]
2018-07-03 15:16:45,370 [main] INFO  o.s.j.e.a.AnnotationMBeanExporter - Located managed bean 'refreshScope': registering with JMX server as MBean [org.springframework.cloud.context.scope.refresh:name=refreshScope,type=RefreshScope]
2018-07-03 15:16:45,391 [main] INFO  o.s.j.e.a.AnnotationMBeanExporter - Located managed bean 'configurationPropertiesRebinder': registering with JMX server as MBean [org.springframework.cloud.context.properties:name=configurationPropertiesRebinder,context=774fc571,type=ConfigurationPropertiesRebinder]
2018-07-03 15:16:45,420 [main] INFO  o.a.coyote.http11.Http11NioProtocol - Starting ProtocolHandler ["http-nio-8081"]
2018-07-03 15:16:45,435 [main] INFO  o.a.tomcat.util.net.NioSelectorPool - Using a shared selector for servlet write/read
2018-07-03 15:16:45,464 [main] INFO  o.s.b.w.e.tomcat.TomcatWebServer - Tomcat started on port(s): 8081 (http) with context path ''
2018-07-03 15:16:45,472 [main] INFO  c.e.z.ZipkinService1Application - Started ZipkinService1Application in 8.57 seconds (JVM running for 13.489)
2018-07-03 15:17:25,488 [http-nio-8081-exec-1] INFO  o.a.c.c.C.[Tomcat].[localhost].[/] - Initializing Spring FrameworkServlet 'dispatcherServlet'
2018-07-03 15:17:25,488 [http-nio-8081-exec-1] INFO  o.s.web.servlet.DispatcherServlet - FrameworkServlet 'dispatcherServlet': initialization started
2018-07-03 15:17:25,758 [http-nio-8081-exec-1] INFO  o.s.web.servlet.DispatcherServlet - FrameworkServlet 'dispatcherServlet': initialization completed in 270 ms
2018-07-03 15:17:25,819 [http-nio-8081-exec-1] INFO  c.e.zipkinservice1.ZipkinController - zipkinService1 is Called by..
2018-07-03 15:17:30,041 [http-nio-8081-exec-2] INFO  c.e.zipkinservice1.ZipkinController - Inside zipkinService1..
